{
  "RSpec": {
    "coverage": {
      "/home/ubuntu/rails_projects/edmplayer/app/controllers/application_controller.rb": [
        null,
        1,
        1,
        null
      ],
      "/home/ubuntu/rails_projects/edmplayer/app/helpers/application_helper.rb": [
        null,
        1,
        null,
        null,
        1,
        8,
        4,
        null,
        4,
        null,
        null,
        null,
        1,
        4,
        null,
        null,
        null,
        null
      ],
      "/home/ubuntu/rails_projects/edmplayer/app/helpers/songs_helper.rb": [
        null,
        1,
        null
      ],
      "/home/ubuntu/rails_projects/edmplayer/app/controllers/artists_controller.rb": [
        1,
        null,
        1,
        null,
        3,
        null,
        null
      ],
      "/home/ubuntu/rails_projects/edmplayer/app/models/artist.rb": [
        null,
        1,
        null,
        1,
        null,
        1,
        null,
        null,
        1,
        null,
        null,
        null,
        null,
        null,
        null,
        null,
        1,
        null,
        null,
        1,
        1,
        1,
        1,
        1,
        null,
        null,
        1,
        null,
        null,
        null,
        null,
        null,
        1,
        null,
        null,
        null,
        null,
        null,
        null,
        null,
        1,
        4,
        4,
        null,
        null,
        null,
        null,
        null
      ],
      "/home/ubuntu/rails_projects/edmplayer/app/models/concerns/filling_data.rb": [
        1,
        1,
        1,
        null,
        1,
        null,
        1,
        8,
        null,
        null,
        null,
        1,
        1,
        4,
        null,
        null,
        null,
        null,
        null,
        null,
        4,
        null,
        null,
        null,
        null,
        null,
        null,
        null,
        null,
        1,
        1,
        4,
        4,
        8,
        null,
        null,
        null,
        null,
        null,
        null,
        null,
        8,
        null,
        null,
        null,
        null,
        null,
        null,
        null
      ],
      "/home/ubuntu/rails_projects/edmplayer/app/controllers/players_controller.rb": [
        null,
        1,
        1,
        5,
        null,
        null
      ],
      "/home/ubuntu/rails_projects/edmplayer/app/models/podcast.rb": [
        null,
        1,
        1,
        null,
        null,
        null,
        1,
        null,
        1,
        1,
        1,
        1,
        1,
        1,
        1,
        null,
        1,
        null,
        null,
        null,
        null,
        null,
        null,
        null
      ]
    },
    "timestamp": 1387901874
  }
}
