{
  "RSpec": {
    "coverage": {
      "/home/ubuntu/rails_projects/edmplayer/app/controllers/application_controller.rb": [
        null,
        1,
        1,
        null
      ],
      "/home/ubuntu/rails_projects/edmplayer/app/helpers/application_helper.rb": [
        null,
        1,
        null,
        1,
        0,
        null,
        null,
        null,
        1,
        12,
        6,
        null,
        6,
        null,
        null,
        null,
        1,
        6,
        null,
        null,
        null,
        null
      ],
      "/home/ubuntu/rails_projects/edmplayer/app/helpers/songs_helper.rb": [
        null,
        1,
        null
      ],
      "/home/ubuntu/rails_projects/edmplayer/app/controllers/artists_controller.rb": [
        1,
        null,
        1,
        null,
        3,
        null,
        null
      ],
      "/home/ubuntu/rails_projects/edmplayer/app/models/artist.rb": [
        null,
        1,
        null,
        1,
        null,
        1,
        null,
        null,
        1,
        null,
        null,
        null,
        null,
        null,
        null,
        null,
        1,
        null,
        null,
        1,
        1,
        1,
        1,
        1,
        null,
        null,
        1,
        null,
        null,
        null,
        null,
        null,
        1,
        null,
        null,
        null,
        null,
        null,
        null,
        null,
        1,
        9,
        9,
        null,
        null,
        null,
        null,
        null
      ],
      "/home/ubuntu/rails_projects/edmplayer/app/models/concerns/filling_data.rb": [
        1,
        1,
        1,
        null,
        1,
        null,
        1,
        32,
        null,
        null,
        null,
        1,
        1,
        9,
        null,
        null,
        null,
        null,
        null,
        null,
        7,
        null,
        null,
        null,
        null,
        null,
        null,
        null,
        null,
        1,
        1,
        23,
        23,
        46,
        null,
        null,
        null,
        null,
        null,
        null,
        null,
        26,
        null,
        null,
        null,
        null,
        null,
        null,
        null
      ],
      "/home/ubuntu/rails_projects/edmplayer/app/controllers/players_controller.rb": [
        null,
        1,
        1,
        5,
        null,
        null
      ],
      "/home/ubuntu/rails_projects/edmplayer/app/models/podcast.rb": [
        null,
        1,
        1,
        null,
        null,
        null,
        1,
        null,
        1,
        1,
        1,
        1,
        1,
        1,
        1,
        null,
        1,
        null,
        null,
        null,
        null,
        null,
        null,
        null
      ]
    },
    "timestamp": 1387868439
  }
}
